1850
4 242
5 242
6 242
7 242
8 242
9 242
10 242
11 242
12 242
13 242
14 242
15 242
16 242
17 242
18 242
18 241
18 240
18 239
18 238
18 237
18 236
18 235
18 234
18 233
18 232
18 231
18 230
18 229
18 228
18 227
18 226
19 226
20 226
21 226
22 226
23 226
24 226
25 226
26 226
27 226
28 226
29 226
30 226
31 226
32 226
33 226
34 226
35 226
36 226
37 226
38 226
39 226
40 226
41 226
42 226
43 226
44 226
45 226
46 226
47 226
48 226
49 226
50 226
50 225
50 224
50 223
50 222
50 221
50 220
50 219
50 218
50 217
50 216
50 215
50 214
50 213
50 212
50 211
50 210
51 210
52 210
53 210
54 210
55 210
56 210
57 210
58 210
59 210
60 210
61 210
62 210
63 210
64 210
65 210
66 210
67 210
68 210
69 210
70 210
71 210
72 210
73 210
74 210
75 210
76 210
77 210
78 210
79 210
80 210
81 210
82 210
82 209
82 208
82 207
82 206
82 205
82 204
82 203
82 202
82 201
82 200
82 199
82 198
82 197
82 196
82 195
82 194
82 193
82 192
82 191
82 190
82 189
82 188
82 187
82 186
82 185
82 184
82 183
82 182
82 181
82 180
82 179
82 178
82 177
82 176
82 175
83 175
84 175
85 175
86 175
87 175
88 175
89 175
90 175
91 175
92 175
93 175
94 175
95 175
96 175
97 175
98 175
98 176
98 177
99 177
100 177
101 177
102 177
103 177
104 177
105 177
106 177
106 178
107 178
108 178
109 178
110 178
110 179
111 179
112 179
113 179
114 179
115 179
116 179
116 178
117 178
118 178
118 177
118 176
118 175
119 175
120 175
120 174
120 173
120 172
120 171
120 170
120 169
120 168
120 167
120 166
120 165
120 164
120 163
121 163
121 162
121 161
122 161
122 160
122 159
122 158
123 158
123 157
123 156
123 155
124 155
125 155
126 155
126 154
126 153
126 152
126 151
126 150
126 149
126 148
126 147
126 146
126 145
126 144
126 143
127 143
128 143
129 143
130 143
130 144
130 145
130 146
130 147
130 148
130 149
130 150
131 150
132 150
133 150
134 150
135 150
135 151
136 151
136 152
136 153
136 154
136 155
136 156
136 157
136 158
136 159
136 160
136 161
136 162
136 163
136 164
136 165
136 166
136 167
136 168
136 169
136 170
136 171
136 172
136 173
136 174
136 175
136 176
136 177
136 178
136 179
136 180
136 181
136 182
136 183
136 184
136 185
136 186
136 187
136 188
136 189
136 190
136 191
137 191
138 191
139 191
140 191
141 191
142 191
143 191
144 191
145 191
146 191
146 192
146 193
146 194
146 195
146 196
146 197
146 198
146 199
146 200
146 201
146 202
146 203
146 204
145 204
145 205
145 206
145 207
144 207
143 207
142 207
141 207
140 207
139 207
138 207
137 207
136 207
135 207
134 207
133 207
132 207
131 207
130 207
129 207
128 207
127 207
127 208
127 209
127 210
127 211
127 212
128 212
129 212
130 212
131 212
132 212
133 212
133 211
133 210
134 210
135 210
136 210
137 210
138 210
139 210
140 210
141 210
142 210
143 210
144 210
145 210
146 210
147 210
148 210
149 210
150 210
151 210
152 210
153 210
154 210
155 210
156 210
157 210
158 210
159 210
160 210
161 210
162 210
162 209
162 208
162 207
162 206
162 205
162 204
162 203
162 202
162 201
162 200
162 199
162 198
162 197
162 196
162 195
162 194
162 193
162 192
162 191
162 190
162 189
162 188
162 187
162 186
162 185
162 184
162 183
162 182
162 181
162 180
162 179
162 178
162 177
162 176
162 175
162 174
162 173
162 172
162 171
162 170
162 169
162 168
162 167
162 166
162 165
162 164
162 163
162 162
161 162
160 162
159 162
159 161
159 160
159 159
159 158
159 157
159 156
159 155
159 154
159 153
159 152
159 151
159 150
159 149
159 148
159 147
159 146
159 145
159 144
159 143
159 142
159 141
159 140
159 139
159 138
159 137
159 136
159 135
159 134
159 133
159 132
159 131
159 130
159 129
159 128
159 127
159 126
159 125
159 124
159 123
159 122
159 121
159 120
159 119
159 118
159 117
159 116
159 115
159 114
158 114
157 114
156 114
155 114
154 114
153 114
152 114
151 114
150 114
149 114
148 114
147 114
146 114
145 114
144 114
143 114
142 114
141 114
140 114
139 114
138 114
137 114
136 114
135 114
134 114
133 114
132 114
131 114
130 114
129 114
128 114
127 114
126 114
125 114
124 114
123 114
122 114
121 114
120 114
119 114
118 114
117 114
116 114
115 114
114 114
113 114
112 114
111 114
111 113
111 112
111 111
111 110
111 109
111 108
111 107
111 106
111 105
111 104
111 103
111 102
111 101
111 100
111 99
111 98
111 97
111 96
111 95
111 94
111 93
111 92
111 91
111 90
111 89
111 88
111 87
111 86
111 85
111 84
111 83
111 82
112 82
113 82
114 82
115 82
116 82
117 82
118 82
119 82
120 82
121 82
122 82
123 82
124 82
125 82
126 82
127 82
128 82
129 82
130 82
130 81
130 80
130 79
130 78
130 77
130 76
130 75
130 74
130 73
130 72
130 71
130 70
130 69
130 68
130 67
130 66
130 65
130 64
130 63
130 62
130 61
130 60
130 59
130 58
130 57
130 56
130 55
130 54
130 53
130 52
130 51
130 50
131 50
132 50
133 50
134 50
135 50
136 50
137 50
138 50
139 50
140 50
141 50
142 50
143 50
144 50
145 50
146 50
147 50
148 50
149 50
150 50
151 50
152 50
153 50
154 50
155 50
156 50
157 50
158 50
159 50
160 50
161 50
162 50
162 49
162 48
162 47
162 46
162 45
162 44
162 43
162 42
162 41
162 40
162 39
162 38
162 37
162 36
162 35
162 34
163 34
164 34
165 34
166 34
167 34
168 34
169 34
170 34
171 34
172 34
173 34
174 34
175 34
176 34
177 34
178 34
179 34
180 34
181 34
182 34
183 34
184 34
185 34
186 34
187 34
188 34
189 34
190 34
191 34
192 34
193 34
194 34
194 33
194 32
194 31
194 30
194 29
194 28
194 27
194 26
194 25
194 24
194 23
194 22
194 21
194 20
194 19
194 18
195 18
196 18
197 18
198 18
199 18
200 18
201 18
202 18
203 18
204 18
205 18
206 18
207 18
208 18
209 18
210 18
210 17
210 16
210 15
211 15
212 15
213 15
214 15
215 15
216 15
217 15
218 15
219 15
220 15
221 15
222 15
223 15
224 15
225 15
226 15
227 15
228 15
229 15
230 15
231 15
232 15
233 15
234 15
235 15
236 15
237 15
238 15
239 15
240 15
241 15
242 15
242 16
242 17
242 18
242 19
242 20
242 21
242 22
242 23
242 24
242 25
242 26
242 27
242 28
242 29
242 30
242 31
241 31
240 31
239 31
239 32
239 33
239 34
239 35
239 36
239 37
239 38
239 39
239 40
239 41
239 42
239 43
239 44
239 45
239 46
239 47
239 48
239 49
239 50
240 50
241 50
242 50
242 49
242 48
242 47
243 47
244 47
245 47
246 47
247 47
248 47
249 47
250 47
251 47
252 47
253 47
254 47
255 47
256 47
257 47
258 47
259 47
260 47
261 47
262 47
263 47
264 47
265 47
266 47
267 47
268 47
269 47
270 47
271 47
272 47
273 47
274 47
275 47
276 47
277 47
278 47
279 47
280 47
281 47
282 47
283 47
284 47
285 47
286 47
287 47
288 47
289 47
290 47
290 48
290 49
290 50
290 51
290 52
291 52
292 52
293 52
293 53
293 54
294 54
295 54
295 55
295 56
295 57
295 58
295 59
295 60
295 61
295 62
295 63
295 64
296 64
297 64
298 64
299 64
299 65
299 66
299 67
299 68
299 69
299 70
299 71
299 72
299 73
299 74
299 75
299 76
299 77
299 78
299 79
300 79
301 79
302 79
303 79
304 79
305 79
306 79
306 80
306 81
306 82
306 83
306 84
306 85
306 86
306 87
306 88
306 89
306 90
306 91
306 92
306 93
306 94
306 95
307 95
308 95
309 95
310 95
311 95
312 95
313 95
314 95
315 95
316 95
317 95
318 95
319 95
320 95
321 95
322 95
322 96
322 97
322 98
322 99
322 100
322 101
322 102
322 103
322 104
322 105
322 106
322 107
322 108
322 109
322 110
322 111
322 112
322 113
322 114
322 115
323 115
324 115
325 115
326 115
327 115
328 115
329 115
330 115
330 114
331 114
332 114
333 114
334 114
335 114
336 114
337 114
338 114
338 113
338 112
338 111
339 111
340 111
341 111
342 111
343 111
344 111
345 111
346 111
347 111
348 111
349 111
350 111
351 111
352 111
353 111
354 111
355 111
356 111
357 111
358 111
359 111
360 111
361 111
362 111
363 111
364 111
365 111
366 111
367 111
368 111
369 111
370 111
370 112
370 113
370 114
370 115
370 116
370 117
371 117
371 118
371 119
371 120
371 121
371 122
371 123
371 124
371 125
371 126
371 127
370 127
369 127
368 127
367 127
367 128
367 129
367 130
367 131
367 132
367 133
367 134
367 135
367 136
367 137
367 138
367 139
367 140
367 141
367 142
367 143
366 143
365 143
364 143
363 143
362 143
361 143
360 143
359 143
358 143
357 143
356 143
355 143
354 143
353 143
352 143
351 143
351 144
351 145
351 146
351 147
352 147
353 147
354 147
355 147
356 147
357 147
357 146
358 146
359 146
360 146
361 146
362 146
363 146
364 146
365 146
366 146
367 146
368 146
369 146
370 146
370 145
370 144
370 143
371 143
372 143
373 143
374 143
375 143
376 143
377 143
378 143
379 143
380 143
381 143
382 143
383 143
384 143
385 143
386 143
386 144
386 145
386 146
387 146
388 146
389 146
390 146
391 146
392 146
393 146
394 146
395 146
396 146
397 146
398 146
399 146
400 146
401 146
402 146
402 145
402 144
402 143
402 142
402 141
402 140
402 139
402 138
402 137
402 136
402 135
402 134
402 133
402 132
402 131
402 130
403 130
404 130
405 130
406 130
407 130
408 130
409 130
410 130
411 130
412 130
413 130
414 130
415 130
416 130
417 130
418 130
419 130
420 130
421 130
422 130
423 130
424 130
425 130
426 130
427 130
428 130
429 130
430 130
431 130
432 130
433 130
434 130
434 129
434 128
434 127
434 126
434 125
434 124
434 123
434 122
434 121
434 120
434 119
434 118
434 117
434 116
434 115
434 114
433 114
432 114
431 114
430 114
429 114
428 114
427 114
426 114
425 114
424 114
423 114
422 114
421 114
420 114
419 114
418 114
417 114
416 114
415 114
414 114
413 114
412 114
411 114
410 114
409 114
408 114
407 114
406 114
405 114
404 114
403 114
402 114
401 114
400 114
399 114
399 113
399 112
399 111
399 110
399 109
399 108
399 107
399 106
399 105
399 104
399 103
399 102
399 101
399 100
399 99
399 98
399 97
399 96
399 95
399 94
399 93
399 92
399 91
399 90
399 89
399 88
399 87
399 86
399 85
399 84
399 83
399 82
400 82
401 82
402 82
402 81
402 80
402 79
402 78
402 77
402 76
402 75
402 74
402 73
402 72
402 71
402 70
402 69
402 68
402 67
402 66
401 66
400 66
399 66
399 65
399 64
399 63
399 62
399 61
399 60
399 59
399 58
399 57
399 56
399 55
399 54
399 53
399 52
399 51
399 50
400 50
401 50
402 50
402 49
402 48
402 47
402 46
402 45
402 44
402 43
402 42
402 41
402 40
402 39
402 38
402 37
402 36
402 35
402 34
401 34
400 34
399 34
398 34
397 34
396 34
395 34
394 34
393 34
392 34
391 34
390 34
389 34
388 34
387 34
386 34
385 34
384 34
383 34
382 34
381 34
380 34
379 34
378 34
377 34
376 34
375 34
374 34
373 34
372 34
371 34
370 34
369 34
368 34
367 34
366 34
365 34
364 34
363 34
362 34
361 34
360 34
359 34
358 34
357 34
356 34
355 34
354 34
353 34
352 34
351 34
351 33
351 32
351 31
351 30
351 29
351 28
351 27
351 26
351 25
351 24
351 23
351 22
351 21
351 20
351 19
351 18
351 17
351 16
351 15
352 15
353 15
354 15
355 15
356 15
357 15
358 15
359 15
360 15
361 15
362 15
363 15
364 15
365 15
366 15
367 15
368 15
369 15
370 15
371 15
372 15
373 15
374 15
375 15
376 15
377 15
378 15
379 15
380 15
381 15
382 15
383 15
384 15
385 15
386 15
386 16
386 17
386 18
386 19
386 20
386 21
386 22
387 22
387 23
387 24
387 25
387 26
388 26
389 26
390 26
391 26
391 27
392 27
393 27
394 27
394 28
394 29
394 30
395 30
395 31
396 31
397 31
398 31
399 31
400 31
401 31
402 31
403 31
404 31
405 31
406 31
407 31
408 31
409 31
410 31
411 31
412 31
413 31
414 31
415 31
416 31
417 31
418 31
418 32
418 33
418 34
419 34
420 34
421 34
422 34
423 34
424 34
425 34
426 34
427 34
428 34
429 34
430 34
431 34
432 34
433 34
434 34
435 34
436 34
437 34
438 34
439 34
440 34
441 34
442 34
443 34
444 34
445 34
446 34
447 34
448 34
449 34
450 34
450 33
450 32
450 31
450 30
450 29
450 28
450 27
450 26
450 25
450 24
450 23
450 22
450 21
450 20
450 19
450 18
450 17
450 16
450 15
451 15
452 15
453 15
454 15
455 15
456 15
457 15
458 15
459 15
460 15
461 15
462 15
463 15
464 15
465 15
466 15
466 16
466 17
466 18
466 19
466 20
466 21
466 22
466 23
467 23
467 24
467 25
468 25
468 26
468 27
468 28
468 29
468 30
468 31
468 32
468 33
468 34
468 35
468 36
468 37
468 38
468 39
468 40
468 41
468 42
468 43
468 44
468 45
468 46
468 47
468 48
468 49
468 50
468 51
468 52
468 53
468 54
468 55
468 56
468 57
468 58
468 59
468 60
468 61
468 62
468 63
468 64
468 65
468 66
468 67
468 68
469 68
469 69
469 70
469 71
469 72
469 73
469 74
469 75
469 76
469 77
469 78
469 79
469 80
469 81
469 82
469 83
469 84
469 85
469 86
469 87
469 88
469 89
469 90
469 91
469 92
469 93
469 94
469 95
469 96
469 97
469 98
469 99
469 100
469 101
469 102
469 103
469 104
469 105
469 106
469 107
469 108
469 109
469 110
469 111
469 112
469 113
469 114
469 115
469 116
469 117
469 118
469 119
469 120
469 121
469 122
469 123
469 124
469 125
469 126
469 127
469 128
469 129
469 130
469 131
469 132
469 133
469 134
469 135
469 136
469 137
469 138
469 139
469 140
469 141
469 142
469 143
469 144
469 145
469 146
469 147
469 148
469 149
469 150
469 151
469 152
469 153
469 154
469 155
469 156
469 157
469 158
469 159
469 160
469 161
469 162
469 163
469 164
469 165
469 166
469 167
469 168
470 168
470 169
470 170
470 171
470 172
470 173
470 174
470 175
470 176
470 177
470 178
470 179
470 180
470 181
470 182
470 183
470 184
470 185
470 186
470 187
470 188
470 189
470 190
470 191
470 192
470 193
470 194
469 194
468 194
467 194
466 194
465 194
464 194
463 194
463 193
463 192
463 191
462 191
461 191
460 191
459 191
458 191
457 191
456 191
455 191
454 191
453 191
452 191
451 191
450 191
449 191
448 191
447 191
446 191
445 191
444 191
443 191
442 191
441 191
440 191
439 191
438 191
437 191
436 191
435 191
434 191
433 191
432 191
431 191
431 192
431 193
431 194
431 195
431 196
431 197
431 198
431 199
431 200
431 201
431 202
431 203
431 204
431 205
431 206
431 207
431 208
431 209
431 210
431 211
431 212
431 213
431 214
431 215
431 216
431 217
431 218
431 219
431 220
431 221
432 221
433 221
434 221
435 221
436 221
437 221
437 222
437 223
437 224
437 225
438 225
439 225
440 225
441 225
442 225
443 225
443 226
443 227
444 227
445 227
446 227
447 227
448 227
449 227
450 227
450 226
450 225
450 224
450 223
451 223
452 223
453 223
454 223
455 223
456 223
457 223
458 223
459 223
460 223
461 223
462 223
463 223
464 223
465 223
466 223
466 224
466 225
466 226
466 227
466 228
466 229
467 229
468 229
469 229
470 229
470 230
470 231
470 232
470 233
470 234
471 234
471 235
471 236
471 237
471 238
472 238
472 239
473 239
474 239
475 239
476 239
477 239
478 239
